0 info it worked if it ends with ok
1 verbose cli [ 'C:\\Program Files (x86)\\nodejs\\\\node.exe',
1 verbose cli   'C:\\Program Files (x86)\\nodejs\\node_modules\\npm\\bin\\npm-cli.js',
1 verbose cli   'start' ]
2 info using npm@2.7.4
3 info using node@v0.12.2
4 verbose node symlink C:\Program Files (x86)\nodejs\\node.exe
5 verbose stack Error: Failed to parse json
5 verbose stack Unexpected token '/' at 25:5
5 verbose stack     //"socket.io-client": "^1.3.7",
5 verbose stack     ^
5 verbose stack     at parseError (C:\Program Files (x86)\nodejs\node_modules\npm\node_modules\read-package-json\read-json.js:406:25)
5 verbose stack     at parseJson (C:\Program Files (x86)\nodejs\node_modules\npm\node_modules\read-package-json\read-json.js:86:51)
5 verbose stack     at C:\Program Files (x86)\nodejs\node_modules\npm\node_modules\read-package-json\read-json.js:60:33
5 verbose stack     at evalmachine.<anonymous>:334:14
5 verbose stack     at C:\Program Files (x86)\nodejs\node_modules\npm\node_modules\graceful-fs\graceful-fs.js:102:5
5 verbose stack     at FSReqWrap.oncomplete (evalmachine.<anonymous>:95:15)
6 verbose cwd C:\Users\JVandivier\Desktop\GitHub\card-game
7 error Windows_NT 6.3.9600
8 error argv "C:\\Program Files (x86)\\nodejs\\\\node.exe" "C:\\Program Files (x86)\\nodejs\\node_modules\\npm\\bin\\npm-cli.js" "start"
9 error node v0.12.2
10 error npm  v2.7.4
11 error file C:\Users\JVandivier\Desktop\GitHub\card-game\package.json
12 error code EJSONPARSE
13 error Failed to parse json
13 error Unexpected token '/' at 25:5
13 error     //"socket.io-client": "^1.3.7",
13 error     ^
14 error File: C:\Users\JVandivier\Desktop\GitHub\card-game\package.json
15 error Failed to parse package.json data.
15 error package.json must be actual JSON, not just JavaScript.
15 error
15 error This is not a bug in npm.
15 error Tell the package author to fix their package.json file. JSON.parse
16 verbose exit [ 1, true ]
